C51 COMPILER V9.60.7.0   LAB0                                                              09/01/2024 21:52:20 PAGE 1   


C51 COMPILER V9.60.7.0, COMPILATION OF MODULE LAB0
OBJECT MODULE PLACED IN .\Objects\lab0.obj
COMPILER INVOKED BY: C:\Keil_v5\C51\BIN\C51.EXE D:\嵌入式系統\8051\lab0_c\lab0.c OPTIMIZE(8,SPEED) BROWSE DEBUG OBJECTEX
                    -TEND PRINT(.\Listings\lab0.lst) TABS(2) OBJECT(.\Objects\lab0.obj)

line level    source

   1          #include "STC89C5xRC.h"
   2          
   3          void delayms(int);
   4          
   5          
   6          int main()
   7          {
   8   1            int i;
   9   1            P1=0xfe;
  10   1      
  11   1       while(1){
  12   2      
  13   2       for(i=0;i<7;i++){ 
  14   3      
  15   3       delayms(100);
  16   3      
  17   3       P1=(P1<<1)|0x01; 
  18   3      
  19   3       }
  20   2      
  21   2       for(i=0;i<7;i++){ 
  22   3      
  23   3       delayms(100);
  24   3      
  25   3       P1=(P1>>1)|0x80;
  26   3      
  27   3       }
  28   2      
  29   2      
  30   2          }
  31   1      
  32   1        return 0;
  33   1      }
  34          
  35          void delayms(int num)
  36          {
  37   1        int i,j;
  38   1        for(i=0;i<=num;i++)
  39   1        {
  40   2          for(j=0;j<=144;j++)
  41   2          {
  42   3            ;
  43   3          }
  44   2        }
  45   1        
  46   1          //for(i=0;i<=num;i++)
  47   1         // for(j=0;j<=144;j++);
  48   1      
  49   1      }
*** WARNING C294 IN LINE 32 OF D:\嵌入式系統\8051\lab0_c\lab0.c: unreachable code


MODULE INFORMATION:   STATIC OVERLAYABLE
   CODE SIZE        =    123    ----
C51 COMPILER V9.60.7.0   LAB0                                                              09/01/2024 21:52:20 PAGE 2   

   CONSTANT SIZE    =   ----    ----
   XDATA SIZE       =   ----    ----
   PDATA SIZE       =   ----    ----
   DATA SIZE        =   ----       2
   IDATA SIZE       =   ----    ----
   BIT SIZE         =   ----    ----
END OF MODULE INFORMATION.


C51 COMPILATION COMPLETE.  1 WARNING(S),  0 ERROR(S)
