C51 COMPILER V9.60.7.0   44                                                                09/15/2024 20:16:57 PAGE 1   


C51 COMPILER V9.60.7.0, COMPILATION OF MODULE 44
OBJECT MODULE PLACED IN .\Objects\44.obj
COMPILER INVOKED BY: C:\Keil_v5\C51\BIN\C51.EXE 44.c OPTIMIZE(8,SPEED) BROWSE DEBUG OBJECTEXTEND PRINT(.\Listings\44.lst
                    -) TABS(2) OBJECT(.\Objects\44.obj)

line level    source

   1          #include"STC89C5xRC.h"
   2          #define u8 unsigned char
   3          #define u16 unsigned int
   4              u8 keyNum=0xff;
   5          //延時函數
   6          void Delay100us(){
   7   1        u8 i=2,j=39;
   8   1        do{
   9   2          while(--j);
  10   2        }while(--i);
  11   1      }
  12          
  13          void Delayms(){
  14   1        u8 i=12,j=169;
  15   1        do{
  16   2          while(--j);
  17   2        }while(--i);
  18   1      }
  19          //............................................................................................
  20          void delay_ms(u8 x){while(x--) Delayms();}
  21          void delay_nx100us(u8 x){while(x--) Delay100us();}
  22          //.............................................................................................
  23          //鍵盤掃描子程序1
  24          u8 keys_Scan1(){
  25   1        u8 keyNo=0xff;
  26   1        if (P2 ==0x0f) return 0xff;//無按鍵被按下時提前否回
  27   1        //按下按鍵後00001111將變成0000xxxx,x中1個=0,3個人仍=1
  28   1        //下面判斷被按下的按鍵為0-3其中一列
  29   1        switch(P2 & 0x0f){
  30   2          case 0x0e: keyNo=0; break;//在第0列
  31   2          case 0x0D: keyNo=1; break;//在第1列
  32   2          case 0x0B: keyNo=2; break;//在第2列
  33   2          case 0x07: keyNo=3; break;//在第3列
  34   2          default: return 0xff;
  35   2        }
  36   1        switch(P2 & 0xf0){
  37   2          case 0xe0: keyNo+=0; break;//在第0行
  38   2          case 0xD0: keyNo+=4; break;//在第1行
  39   2          case 0xB0: keyNo+=8; break;//在第2行
  40   2          case 0x70: keyNo+=12; break;//在第3行
  41   2          default: return 0xff;
  42   2        }
  43   1        return keyNo;
  44   1      }
  45          
  46          //主程式
  47          int main(){
  48   1        P1=0XFF;
  49   1         while (1) {
  50   2              keyNum = keys_Scan1();  // 掃描按鍵
  51   2      
  52   2              if (keyNum != 0xff) { 
  53   3                  P1 = 0x00;         
  54   3                  delay_ms(500);     
C51 COMPILER V9.60.7.0   44                                                                09/15/2024 20:16:57 PAGE 2   

  55   3                  P1 = 0xff;         
  56   3                  delay_ms(500);     
  57   3              }
  58   2              delay_ms(10);  
  59   2            }
  60   1         return 0;
  61   1          
  62   1      }
*** WARNING C294 IN LINE 60 OF 44.c: unreachable code


MODULE INFORMATION:   STATIC OVERLAYABLE
   CODE SIZE        =    179    ----
   CONSTANT SIZE    =   ----    ----
   XDATA SIZE       =   ----    ----
   PDATA SIZE       =   ----    ----
   DATA SIZE        =      1       1
   IDATA SIZE       =   ----    ----
   BIT SIZE         =   ----    ----
END OF MODULE INFORMATION.


C51 COMPILATION COMPLETE.  1 WARNING(S),  0 ERROR(S)
