C51 COMPILER V9.60.7.0   LED                                                               09/10/2024 22:11:13 PAGE 1   


C51 COMPILER V9.60.7.0, COMPILATION OF MODULE LED
OBJECT MODULE PLACED IN .\Objects\LED.obj
COMPILER INVOKED BY: C:\Keil_v5\C51\BIN\C51.EXE LED.c OPTIMIZE(8,SPEED) BROWSE DEBUG OBJECTEXTEND PRINT(.\Listings\LED.l
                    -st) TABS(2) OBJECT(.\Objects\LED.obj)

line level    source

   1          #include"STC89C5xRC.h"
   2          sbit LED0 = P1^0;   
   3          sbit LED1 = P1^1;   
   4          sbit LED2 = P1^2;   
   5          sbit LED3 = P1^3;   
   6          sbit LED4 = P1^4;   
   7          sbit LED5 = P1^5;   
   8          sbit LED6 = P1^6;  
   9          sbit LED7 = P1^7;   
  10          
  11          void delay(int time){
  12   1        int i;
  13   1        for(i=0;i<time;i++){
  14   2          }
  15   1      }
  16          
  17          void kedcotrol(unsigned char ledArray[8]){
  18   1          LED0 = ledArray[0];
  19   1          LED1 = ledArray[1];
  20   1          LED2 = ledArray[2];
  21   1          LED3 = ledArray[3];
  22   1          LED4 = ledArray[4];
  23   1          LED5 = ledArray[5];
  24   1          LED6 = ledArray[6];
  25   1          LED7 = ledArray[7];
  26   1      
  27   1      }
  28          int i;
  29          main(){
  30   1        unsigned char ledState[8] = {1, 0, 1, 0, 1, 0, 1, 0};
  31   1        while(1) {
  32   2              kedcotrol(ledState);  
  33   2                       
  34   2          
  35   2             for(i=0;i<8;i++){
  36   3               ledState[i] = !ledState[i];
  37   3                delay(5000);   
  38   3             }
  39   2      
  40   2        }
  41   1      }
  42          
  43          


MODULE INFORMATION:   STATIC OVERLAYABLE
   CODE SIZE        =    179    ----
   CONSTANT SIZE    =      8    ----
   XDATA SIZE       =   ----    ----
   PDATA SIZE       =   ----    ----
   DATA SIZE        =      2       8
   IDATA SIZE       =   ----    ----
   BIT SIZE         =   ----    ----
END OF MODULE INFORMATION.

C51 COMPILER V9.60.7.0   LED                                                               09/10/2024 22:11:13 PAGE 2   


C51 COMPILATION COMPLETE.  0 WARNING(S),  0 ERROR(S)
