C51 COMPILER V9.60.7.0   LAB0                                                              08/01/2024 18:11:40 PAGE 1   


C51 COMPILER V9.60.7.0, COMPILATION OF MODULE LAB0
OBJECT MODULE PLACED IN .\Objects\lab0.obj
COMPILER INVOKED BY: C:\Keil_v5\C51\BIN\C51.EXE lab0.c OPTIMIZE(8,SPEED) BROWSE DEBUG OBJECTEXTEND PRINT(.\Listings\lab0
                    -.lst) TABS(2) OBJECT(.\Objects\lab0.obj)

line level    source

   1          #include "AT89X52.H"
   2          
   3          void delayms(int);
   4          
   5          
   6          int main()
   7          {
   8   1              /* byte-addressable sample */
   9   1              //P2 = 0;
  10   1              //P2 |= 0x02;
  11   1              
  12   1              /* byte-addressable sample */
  13   1              //P2 &= 0xFD;
  14   1      
  15   1        while(1)
  16   1        {
  17   2            P2 = ~P2; 
  18   2              //P2_1 = ~P2_1; //bit-addressable sample
  19   2            delayms(1000);
  20   2          }
  21   1      
  22   1        return 0;
  23   1      }
  24          
  25          void delayms(int num)
  26          {
  27   1        int i,j;
  28   1        for(i=0;i<=num;i++)
  29   1        {
  30   2          for(j=0;j<=144;j++)
  31   2          {
  32   3            ;
  33   3          }
  34   2        }
  35   1        
  36   1          //for(i=0;i<=num;i++)
  37   1         // for(j=0;j<=144;j++);
  38   1      
  39   1      }
*** WARNING C294 IN LINE 22 OF lab0.c: unreachable code


MODULE INFORMATION:   STATIC OVERLAYABLE
   CODE SIZE        =     50    ----
   CONSTANT SIZE    =   ----    ----
   XDATA SIZE       =   ----    ----
   PDATA SIZE       =   ----    ----
   DATA SIZE        =   ----    ----
   IDATA SIZE       =   ----    ----
   BIT SIZE         =   ----    ----
END OF MODULE INFORMATION.


C51 COMPILATION COMPLETE.  1 WARNING(S),  0 ERROR(S)
